<?xml version="1.0" encoding="UTF-8"?>
<!-- Generated by org.testng.reporters.JUnitXMLReporter -->
<testsuite hostname="Bishnus-MacBook-Air.local" ignored="0" name="Default test" tests="3" failures="0" timestamp="2020-03-11T11:11:49 CDT" time="0.091" errors="0">
  <testcase name="apiHomeLoanLogin" time="0.024" classname="test.Day4"/>
  <testcase name="mobileHomeLoanLogin" time="0.005" classname="test.Day4"/>
  <testcase name="webHomeLoanLogin" time="0.002" classname="test.Day4"/>
</testsuite> <!-- Default test -->
