<?xml version="1.0" encoding="UTF-8"?>
<!-- Generated by org.testng.reporters.JUnitXMLReporter -->
<testsuite hostname="DESKTOP-LRA0EFA" ignored="2" name="Car Loan" tests="2" failures="0" timestamp="2020-03-09T09:18:44 PDT" time="0.016" errors="0">
  <testcase name="apiCarLoanLogin" time="0.0" classname="test.Day3"/>
  <testcase name="webCarLoanLogin" time="0.0" classname="test.Day3"/>
  <testcase name="MobileCarLoanLogout" time="0.0" classname="test.Day3">
    <ignored/>
  </testcase> <!-- MobileCarLoanLogout -->
  <testcase name="MobileCarLoanLogin" time="0.0" classname="test.Day3">
    <ignored/>
  </testcase> <!-- MobileCarLoanLogin -->
</testsuite> <!-- Car Loan -->
