<?xml version="1.0" encoding="UTF-8"?>
<!-- Generated by org.testng.reporters.JUnitXMLReporter -->
<testsuite hostname="DESKTOP-LRA0EFA" ignored="7" name="Personal Loan " tests="4" failures="0" timestamp="2020-03-09T10:06:44 PDT" time="0.056" errors="0">
  <testcase name="DemoDay22" time="0.015" classname="test.Day2"/>
  <testcase name="Demo1" time="0.0" classname="test.Day1"/>
  <testcase name="apiCarLoanLogin" time="0.0" classname="test.Day3"/>
  <testcase name="mobileHomeLoanLogin" time="0.0" classname="test.Day4"/>
  <testcase name="Demo2" time="0.0" classname="test.Day1">
    <ignored/>
  </testcase> <!-- Demo2 -->
  <testcase name="webCarLoanLogin" time="0.0" classname="test.Day3">
    <ignored/>
  </testcase> <!-- webCarLoanLogin -->
  <testcase name="MobileCarLoanLogout" time="0.0" classname="test.Day3">
    <ignored/>
  </testcase> <!-- MobileCarLoanLogout -->
  <testcase name="MobileCarLoanLogin" time="0.0" classname="test.Day3">
    <ignored/>
  </testcase> <!-- MobileCarLoanLogin -->
  <testcase name="apiHomeLoanLogin" time="0.0" classname="test.Day4">
    <ignored/>
  </testcase> <!-- apiHomeLoanLogin -->
  <testcase name="DemoDay21" time="0.0" classname="test.Day2">
    <ignored/>
  </testcase> <!-- DemoDay21 -->
  <testcase name="webHomeLoanLogin" time="0.0" classname="test.Day4">
    <ignored/>
  </testcase> <!-- webHomeLoanLogin -->
</testsuite> <!-- Personal Loan  -->
