<?xml version="1.0" encoding="UTF-8"?>
<!-- Generated by org.testng.reporters.JUnitXMLReporter -->
<testsuite ignored="7" hostname="DESKTOP-NH06F2F" failures="0" tests="4" name="Personal Loan " time="0.037" errors="0" timestamp="2020-03-10T11:59:18 CDT">
  <testcase classname="test.Day2" name="DemoDay22" time="0.007"/>
  <testcase classname="test.Day1" name="Demo1" time="0.001"/>
  <testcase classname="test.Day3" name="apiCarLoanLogin" time="0.001"/>
  <testcase classname="test.Day4" name="mobileHomeLoanLogin" time="0.001"/>
  <testcase classname="test.Day1" name="Demo2" time="0.0">
    <ignored/>
  </testcase> <!-- Demo2 -->
  <testcase classname="test.Day3" name="webCarLoanLogin" time="0.0">
    <ignored/>
  </testcase> <!-- webCarLoanLogin -->
  <testcase classname="test.Day3" name="MobileCarLoanLogout" time="0.0">
    <ignored/>
  </testcase> <!-- MobileCarLoanLogout -->
  <testcase classname="test.Day3" name="MobileCarLoanLogin" time="0.0">
    <ignored/>
  </testcase> <!-- MobileCarLoanLogin -->
  <testcase classname="test.Day4" name="apiHomeLoanLogin" time="0.0">
    <ignored/>
  </testcase> <!-- apiHomeLoanLogin -->
  <testcase classname="test.Day2" name="DemoDay21" time="0.0">
    <ignored/>
  </testcase> <!-- DemoDay21 -->
  <testcase classname="test.Day4" name="webHomeLoanLogin" time="0.0">
    <ignored/>
  </testcase> <!-- webHomeLoanLogin -->
</testsuite> <!-- Personal Loan  -->
