<?xml version="1.0" encoding="UTF-8"?>
<!-- Generated by org.testng.reporters.JUnitXMLReporter -->
<testsuite hostname="DESKTOP-LRA0EFA" ignored="0" name="Regression Test" tests="11" failures="0" timestamp="2020-03-09T09:31:10 PDT" time="0.139" errors="0">
  <testcase name="Demo1" time="0.015" classname="test.Day1"/>
  <testcase name="Demo2" time="0.0" classname="test.Day1"/>
  <testcase name="DemoDay21" time="0.0" classname="test.Day2"/>
  <testcase name="DemoDay22" time="0.0" classname="test.Day2"/>
  <testcase name="MobileCarLoanLogin" time="0.0" classname="test.Day3"/>
  <testcase name="MobileCarLoanLogout" time="0.0" classname="test.Day3"/>
  <testcase name="apiCarLoanLogin" time="0.016" classname="test.Day3"/>
  <testcase name="webCarLoanLogin" time="0.0" classname="test.Day3"/>
  <testcase name="apiHomeLoanLogin" time="0.0" classname="test.Day4"/>
  <testcase name="mobileHomeLoanLogin" time="0.0" classname="test.Day4"/>
  <testcase name="webHomeLoanLogin" time="0.0" classname="test.Day4"/>
</testsuite> <!-- Regression Test -->
