<?xml version="1.0" encoding="UTF-8"?>
<!-- Generated by org.testng.reporters.JUnitXMLReporter -->
<testsuite hostname="DESKTOP-LRA0EFA" ignored="0" name="Test" tests="4" failures="0" timestamp="2020-03-06T09:25:27 PST" time="0.078" errors="0">
  <testcase name="DemoDay21" time="0.0" classname="test.Day2"/>
  <testcase name="DemoDay22" time="0.0" classname="test.Day2"/>
  <testcase name="Demo1" time="0.0" classname="test.Day1"/>
  <testcase name="Demo2" time="0.0" classname="test.Day1"/>
</testsuite> <!-- Test -->
